2018-02-06T23:18:00+00:00 CRITICAL Uncaught Error: Call to undefined function request_filesystem_credentials() in /home/dh_6me8bw/littlesproutsofauburn.com/wp-admin/includes/class-wp-upgrader-skin.php:93
Stack trace:
#0 /home/dh_6me8bw/littlesproutsofauburn.com/wp-admin/includes/class-automatic-upgrader-skin.php(47): WP_Upgrader_Skin->request_filesystem_credentials(false, '/home/dh_6me8bw...', true)
#1 /home/dh_6me8bw/littlesproutsofauburn.com/wp-admin/includes/class-wp-automatic-updater.php(144): Automatic_Upgrader_Skin->request_filesystem_credentials(false, '/home/dh_6me8bw...', true)
#2 /home/dh_6me8bw/littlesproutsofauburn.com/wp-admin/includes/update.php(85): WP_Automatic_Updater->should_update('core', Object(stdClass), '/home/dh_6me8bw...')
#3 /home/dh_6me8bw/littlesproutsofauburn.com/wp-includes/update.php(215): find_core_auto_update()
#4 /home/dh_6me8bw/littlesproutsofauburn.com/wp-includes/class-wp-hook.php(286): wp_version_check()
#5 /home/dh_6me8bw/littlesproutsofauburn.com/wp-includes/class-wp-hook.php(310): WP_Hook->apply_filters(

2018-02-07T11:43:28+00:00 CRITICAL Uncaught Error: Call to undefined function request_filesystem_credentials() in /home/dh_6me8bw/littlesproutsofauburn.com/wp-admin/includes/class-wp-upgrader-skin.php:93
Stack trace:
#0 /home/dh_6me8bw/littlesproutsofauburn.com/wp-admin/includes/class-automatic-upgrader-skin.php(47): WP_Upgrader_Skin->request_filesystem_credentials(false, '/home/dh_6me8bw...', true)
#1 /home/dh_6me8bw/littlesproutsofauburn.com/wp-admin/includes/class-wp-automatic-updater.php(144): Automatic_Upgrader_Skin->request_filesystem_credentials(false, '/home/dh_6me8bw...', true)
#2 /home/dh_6me8bw/littlesproutsofauburn.com/wp-admin/includes/update.php(85): WP_Automatic_Updater->should_update('core', Object(stdClass), '/home/dh_6me8bw...')
#3 /home/dh_6me8bw/littlesproutsofauburn.com/wp-includes/update.php(215): find_core_auto_update()
#4 /home/dh_6me8bw/littlesproutsofauburn.com/wp-includes/class-wp-hook.php(286): wp_version_check()
#5 /home/dh_6me8bw/littlesproutsofauburn.com/wp-includes/class-wp-hook.php(310): WP_Hook->apply_filters(

2018-02-07T23:20:41+00:00 CRITICAL Uncaught Error: Call to undefined function request_filesystem_credentials() in /home/dh_6me8bw/littlesproutsofauburn.com/wp-admin/includes/class-wp-upgrader-skin.php:93
Stack trace:
#0 /home/dh_6me8bw/littlesproutsofauburn.com/wp-admin/includes/class-automatic-upgrader-skin.php(47): WP_Upgrader_Skin->request_filesystem_credentials(false, '/home/dh_6me8bw...', true)
#1 /home/dh_6me8bw/littlesproutsofauburn.com/wp-admin/includes/class-wp-automatic-updater.php(144): Automatic_Upgrader_Skin->request_filesystem_credentials(false, '/home/dh_6me8bw...', true)
#2 /home/dh_6me8bw/littlesproutsofauburn.com/wp-admin/includes/update.php(85): WP_Automatic_Updater->should_update('core', Object(stdClass), '/home/dh_6me8bw...')
#3 /home/dh_6me8bw/littlesproutsofauburn.com/wp-includes/update.php(215): find_core_auto_update()
#4 /home/dh_6me8bw/littlesproutsofauburn.com/wp-includes/class-wp-hook.php(286): wp_version_check()
#5 /home/dh_6me8bw/littlesproutsofauburn.com/wp-includes/class-wp-hook.php(310): WP_Hook->apply_filters(

2018-02-08T12:09:59+00:00 CRITICAL Uncaught Error: Call to undefined function request_filesystem_credentials() in /home/dh_6me8bw/littlesproutsofauburn.com/wp-admin/includes/class-wp-upgrader-skin.php:93
Stack trace:
#0 /home/dh_6me8bw/littlesproutsofauburn.com/wp-admin/includes/class-automatic-upgrader-skin.php(47): WP_Upgrader_Skin->request_filesystem_credentials(false, '/home/dh_6me8bw...', true)
#1 /home/dh_6me8bw/littlesproutsofauburn.com/wp-admin/includes/class-wp-automatic-updater.php(144): Automatic_Upgrader_Skin->request_filesystem_credentials(false, '/home/dh_6me8bw...', true)
#2 /home/dh_6me8bw/littlesproutsofauburn.com/wp-admin/includes/update.php(85): WP_Automatic_Updater->should_update('core', Object(stdClass), '/home/dh_6me8bw...')
#3 /home/dh_6me8bw/littlesproutsofauburn.com/wp-includes/update.php(215): find_core_auto_update()
#4 /home/dh_6me8bw/littlesproutsofauburn.com/wp-includes/class-wp-hook.php(286): wp_version_check()
#5 /home/dh_6me8bw/littlesproutsofauburn.com/wp-includes/class-wp-hook.php(310): WP_Hook->apply_filters(

2018-02-08T23:19:54+00:00 CRITICAL Uncaught Error: Call to undefined function request_filesystem_credentials() in /home/dh_6me8bw/littlesproutsofauburn.com/wp-admin/includes/class-wp-upgrader-skin.php:93
Stack trace:
#0 /home/dh_6me8bw/littlesproutsofauburn.com/wp-admin/includes/class-automatic-upgrader-skin.php(47): WP_Upgrader_Skin->request_filesystem_credentials(false, '/home/dh_6me8bw...', true)
#1 /home/dh_6me8bw/littlesproutsofauburn.com/wp-admin/includes/class-wp-automatic-updater.php(144): Automatic_Upgrader_Skin->request_filesystem_credentials(false, '/home/dh_6me8bw...', true)
#2 /home/dh_6me8bw/littlesproutsofauburn.com/wp-admin/includes/update.php(85): WP_Automatic_Updater->should_update('core', Object(stdClass), '/home/dh_6me8bw...')
#3 /home/dh_6me8bw/littlesproutsofauburn.com/wp-includes/update.php(215): find_core_auto_update()
#4 /home/dh_6me8bw/littlesproutsofauburn.com/wp-includes/class-wp-hook.php(286): wp_version_check()
#5 /home/dh_6me8bw/littlesproutsofauburn.com/wp-includes/class-wp-hook.php(310): WP_Hook->apply_filters(

2018-02-09T11:18:02+00:00 CRITICAL Uncaught Error: Call to undefined function request_filesystem_credentials() in /home/dh_6me8bw/littlesproutsofauburn.com/wp-admin/includes/class-wp-upgrader-skin.php:93
Stack trace:
#0 /home/dh_6me8bw/littlesproutsofauburn.com/wp-admin/includes/class-automatic-upgrader-skin.php(47): WP_Upgrader_Skin->request_filesystem_credentials(false, '/home/dh_6me8bw...', true)
#1 /home/dh_6me8bw/littlesproutsofauburn.com/wp-admin/includes/class-wp-automatic-updater.php(144): Automatic_Upgrader_Skin->request_filesystem_credentials(false, '/home/dh_6me8bw...', true)
#2 /home/dh_6me8bw/littlesproutsofauburn.com/wp-admin/includes/update.php(85): WP_Automatic_Updater->should_update('core', Object(stdClass), '/home/dh_6me8bw...')
#3 /home/dh_6me8bw/littlesproutsofauburn.com/wp-includes/update.php(215): find_core_auto_update()
#4 /home/dh_6me8bw/littlesproutsofauburn.com/wp-includes/class-wp-hook.php(286): wp_version_check()
#5 /home/dh_6me8bw/littlesproutsofauburn.com/wp-includes/class-wp-hook.php(310): WP_Hook->apply_filters(

2018-02-09T23:18:54+00:00 CRITICAL Uncaught Error: Call to undefined function request_filesystem_credentials() in /home/dh_6me8bw/littlesproutsofauburn.com/wp-admin/includes/class-wp-upgrader-skin.php:93
Stack trace:
#0 /home/dh_6me8bw/littlesproutsofauburn.com/wp-admin/includes/class-automatic-upgrader-skin.php(47): WP_Upgrader_Skin->request_filesystem_credentials(false, '/home/dh_6me8bw...', true)
#1 /home/dh_6me8bw/littlesproutsofauburn.com/wp-admin/includes/class-wp-automatic-updater.php(144): Automatic_Upgrader_Skin->request_filesystem_credentials(false, '/home/dh_6me8bw...', true)
#2 /home/dh_6me8bw/littlesproutsofauburn.com/wp-admin/includes/update.php(85): WP_Automatic_Updater->should_update('core', Object(stdClass), '/home/dh_6me8bw...')
#3 /home/dh_6me8bw/littlesproutsofauburn.com/wp-includes/update.php(215): find_core_auto_update()
#4 /home/dh_6me8bw/littlesproutsofauburn.com/wp-includes/class-wp-hook.php(286): wp_version_check()
#5 /home/dh_6me8bw/littlesproutsofauburn.com/wp-includes/class-wp-hook.php(310): WP_Hook->apply_filters(

2018-02-10T11:49:30+00:00 CRITICAL Uncaught Error: Call to undefined function request_filesystem_credentials() in /home/dh_6me8bw/littlesproutsofauburn.com/wp-admin/includes/class-wp-upgrader-skin.php:93
Stack trace:
#0 /home/dh_6me8bw/littlesproutsofauburn.com/wp-admin/includes/class-automatic-upgrader-skin.php(47): WP_Upgrader_Skin->request_filesystem_credentials(false, '/home/dh_6me8bw...', true)
#1 /home/dh_6me8bw/littlesproutsofauburn.com/wp-admin/includes/class-wp-automatic-updater.php(144): Automatic_Upgrader_Skin->request_filesystem_credentials(false, '/home/dh_6me8bw...', true)
#2 /home/dh_6me8bw/littlesproutsofauburn.com/wp-admin/includes/update.php(85): WP_Automatic_Updater->should_update('core', Object(stdClass), '/home/dh_6me8bw...')
#3 /home/dh_6me8bw/littlesproutsofauburn.com/wp-includes/update.php(215): find_core_auto_update()
#4 /home/dh_6me8bw/littlesproutsofauburn.com/wp-includes/class-wp-hook.php(286): wp_version_check()
#5 /home/dh_6me8bw/littlesproutsofauburn.com/wp-includes/class-wp-hook.php(310): WP_Hook->apply_filters(

2018-02-10T23:16:01+00:00 CRITICAL Uncaught Error: Call to undefined function request_filesystem_credentials() in /home/dh_6me8bw/littlesproutsofauburn.com/wp-admin/includes/class-wp-upgrader-skin.php:93
Stack trace:
#0 /home/dh_6me8bw/littlesproutsofauburn.com/wp-admin/includes/class-automatic-upgrader-skin.php(47): WP_Upgrader_Skin->request_filesystem_credentials(false, '/home/dh_6me8bw...', true)
#1 /home/dh_6me8bw/littlesproutsofauburn.com/wp-admin/includes/class-wp-automatic-updater.php(144): Automatic_Upgrader_Skin->request_filesystem_credentials(false, '/home/dh_6me8bw...', true)
#2 /home/dh_6me8bw/littlesproutsofauburn.com/wp-admin/includes/update.php(85): WP_Automatic_Updater->should_update('core', Object(stdClass), '/home/dh_6me8bw...')
#3 /home/dh_6me8bw/littlesproutsofauburn.com/wp-includes/update.php(215): find_core_auto_update()
#4 /home/dh_6me8bw/littlesproutsofauburn.com/wp-includes/class-wp-hook.php(286): wp_version_check()
#5 /home/dh_6me8bw/littlesproutsofauburn.com/wp-includes/class-wp-hook.php(310): WP_Hook->apply_filters(

2018-02-11T11:22:18+00:00 CRITICAL Uncaught Error: Call to undefined function request_filesystem_credentials() in /home/dh_6me8bw/littlesproutsofauburn.com/wp-admin/includes/class-wp-upgrader-skin.php:93
Stack trace:
#0 /home/dh_6me8bw/littlesproutsofauburn.com/wp-admin/includes/class-automatic-upgrader-skin.php(47): WP_Upgrader_Skin->request_filesystem_credentials(false, '/home/dh_6me8bw...', true)
#1 /home/dh_6me8bw/littlesproutsofauburn.com/wp-admin/includes/class-wp-automatic-updater.php(144): Automatic_Upgrader_Skin->request_filesystem_credentials(false, '/home/dh_6me8bw...', true)
#2 /home/dh_6me8bw/littlesproutsofauburn.com/wp-admin/includes/update.php(85): WP_Automatic_Updater->should_update('core', Object(stdClass), '/home/dh_6me8bw...')
#3 /home/dh_6me8bw/littlesproutsofauburn.com/wp-includes/update.php(215): find_core_auto_update()
#4 /home/dh_6me8bw/littlesproutsofauburn.com/wp-includes/class-wp-hook.php(286): wp_version_check()
#5 /home/dh_6me8bw/littlesproutsofauburn.com/wp-includes/class-wp-hook.php(310): WP_Hook->apply_filters(

2018-02-11T23:39:17+00:00 CRITICAL Uncaught Error: Call to undefined function request_filesystem_credentials() in /home/dh_6me8bw/littlesproutsofauburn.com/wp-admin/includes/class-wp-upgrader-skin.php:93
Stack trace:
#0 /home/dh_6me8bw/littlesproutsofauburn.com/wp-admin/includes/class-automatic-upgrader-skin.php(47): WP_Upgrader_Skin->request_filesystem_credentials(false, '/home/dh_6me8bw...', true)
#1 /home/dh_6me8bw/littlesproutsofauburn.com/wp-admin/includes/class-wp-automatic-updater.php(144): Automatic_Upgrader_Skin->request_filesystem_credentials(false, '/home/dh_6me8bw...', true)
#2 /home/dh_6me8bw/littlesproutsofauburn.com/wp-admin/includes/update.php(85): WP_Automatic_Updater->should_update('core', Object(stdClass), '/home/dh_6me8bw...')
#3 /home/dh_6me8bw/littlesproutsofauburn.com/wp-includes/update.php(215): find_core_auto_update()
#4 /home/dh_6me8bw/littlesproutsofauburn.com/wp-includes/class-wp-hook.php(286): wp_version_check()
#5 /home/dh_6me8bw/littlesproutsofauburn.com/wp-includes/class-wp-hook.php(310): WP_Hook->apply_filters(

2018-02-12T11:18:23+00:00 CRITICAL Uncaught Error: Call to undefined function request_filesystem_credentials() in /home/dh_6me8bw/littlesproutsofauburn.com/wp-admin/includes/class-wp-upgrader-skin.php:93
Stack trace:
#0 /home/dh_6me8bw/littlesproutsofauburn.com/wp-admin/includes/class-automatic-upgrader-skin.php(47): WP_Upgrader_Skin->request_filesystem_credentials(false, '/home/dh_6me8bw...', true)
#1 /home/dh_6me8bw/littlesproutsofauburn.com/wp-admin/includes/class-wp-automatic-updater.php(144): Automatic_Upgrader_Skin->request_filesystem_credentials(false, '/home/dh_6me8bw...', true)
#2 /home/dh_6me8bw/littlesproutsofauburn.com/wp-admin/includes/update.php(85): WP_Automatic_Updater->should_update('core', Object(stdClass), '/home/dh_6me8bw...')
#3 /home/dh_6me8bw/littlesproutsofauburn.com/wp-includes/update.php(215): find_core_auto_update()
#4 /home/dh_6me8bw/littlesproutsofauburn.com/wp-includes/class-wp-hook.php(286): wp_version_check()
#5 /home/dh_6me8bw/littlesproutsofauburn.com/wp-includes/class-wp-hook.php(310): WP_Hook->apply_filters(

2018-02-12T23:34:01+00:00 CRITICAL Uncaught Error: Call to undefined function request_filesystem_credentials() in /home/dh_6me8bw/littlesproutsofauburn.com/wp-admin/includes/class-wp-upgrader-skin.php:93
Stack trace:
#0 /home/dh_6me8bw/littlesproutsofauburn.com/wp-admin/includes/class-automatic-upgrader-skin.php(47): WP_Upgrader_Skin->request_filesystem_credentials(false, '/home/dh_6me8bw...', true)
#1 /home/dh_6me8bw/littlesproutsofauburn.com/wp-admin/includes/class-wp-automatic-updater.php(144): Automatic_Upgrader_Skin->request_filesystem_credentials(false, '/home/dh_6me8bw...', true)
#2 /home/dh_6me8bw/littlesproutsofauburn.com/wp-admin/includes/update.php(85): WP_Automatic_Updater->should_update('core', Object(stdClass), '/home/dh_6me8bw...')
#3 /home/dh_6me8bw/littlesproutsofauburn.com/wp-includes/update.php(215): find_core_auto_update()
#4 /home/dh_6me8bw/littlesproutsofauburn.com/wp-includes/class-wp-hook.php(286): wp_version_check()
#5 /home/dh_6me8bw/littlesproutsofauburn.com/wp-includes/class-wp-hook.php(310): WP_Hook->apply_filters(

2018-02-13T11:38:39+00:00 CRITICAL Uncaught Error: Call to undefined function request_filesystem_credentials() in /home/dh_6me8bw/littlesproutsofauburn.com/wp-admin/includes/class-wp-upgrader-skin.php:93
Stack trace:
#0 /home/dh_6me8bw/littlesproutsofauburn.com/wp-admin/includes/class-automatic-upgrader-skin.php(47): WP_Upgrader_Skin->request_filesystem_credentials(false, '/home/dh_6me8bw...', true)
#1 /home/dh_6me8bw/littlesproutsofauburn.com/wp-admin/includes/class-wp-automatic-updater.php(144): Automatic_Upgrader_Skin->request_filesystem_credentials(false, '/home/dh_6me8bw...', true)
#2 /home/dh_6me8bw/littlesproutsofauburn.com/wp-admin/includes/update.php(85): WP_Automatic_Updater->should_update('core', Object(stdClass), '/home/dh_6me8bw...')
#3 /home/dh_6me8bw/littlesproutsofauburn.com/wp-includes/update.php(215): find_core_auto_update()
#4 /home/dh_6me8bw/littlesproutsofauburn.com/wp-includes/class-wp-hook.php(286): wp_version_check()
#5 /home/dh_6me8bw/littlesproutsofauburn.com/wp-includes/class-wp-hook.php(310): WP_Hook->apply_filters(

2018-02-13T23:59:46+00:00 CRITICAL Uncaught Error: Call to undefined function request_filesystem_credentials() in /home/dh_6me8bw/littlesproutsofauburn.com/wp-admin/includes/class-wp-upgrader-skin.php:93
Stack trace:
#0 /home/dh_6me8bw/littlesproutsofauburn.com/wp-admin/includes/class-automatic-upgrader-skin.php(47): WP_Upgrader_Skin->request_filesystem_credentials(false, '/home/dh_6me8bw...', true)
#1 /home/dh_6me8bw/littlesproutsofauburn.com/wp-admin/includes/class-wp-automatic-updater.php(144): Automatic_Upgrader_Skin->request_filesystem_credentials(false, '/home/dh_6me8bw...', true)
#2 /home/dh_6me8bw/littlesproutsofauburn.com/wp-admin/includes/update.php(85): WP_Automatic_Updater->should_update('core', Object(stdClass), '/home/dh_6me8bw...')
#3 /home/dh_6me8bw/littlesproutsofauburn.com/wp-includes/update.php(215): find_core_auto_update()
#4 /home/dh_6me8bw/littlesproutsofauburn.com/wp-includes/class-wp-hook.php(286): wp_version_check()
#5 /home/dh_6me8bw/littlesproutsofauburn.com/wp-includes/class-wp-hook.php(310): WP_Hook->apply_filters(

2018-02-14T11:39:05+00:00 CRITICAL Uncaught Error: Call to undefined function request_filesystem_credentials() in /home/dh_6me8bw/littlesproutsofauburn.com/wp-admin/includes/class-wp-upgrader-skin.php:93
Stack trace:
#0 /home/dh_6me8bw/littlesproutsofauburn.com/wp-admin/includes/class-automatic-upgrader-skin.php(47): WP_Upgrader_Skin->request_filesystem_credentials(false, '/home/dh_6me8bw...', true)
#1 /home/dh_6me8bw/littlesproutsofauburn.com/wp-admin/includes/class-wp-automatic-updater.php(144): Automatic_Upgrader_Skin->request_filesystem_credentials(false, '/home/dh_6me8bw...', true)
#2 /home/dh_6me8bw/littlesproutsofauburn.com/wp-admin/includes/update.php(85): WP_Automatic_Updater->should_update('core', Object(stdClass), '/home/dh_6me8bw...')
#3 /home/dh_6me8bw/littlesproutsofauburn.com/wp-includes/update.php(215): find_core_auto_update()
#4 /home/dh_6me8bw/littlesproutsofauburn.com/wp-includes/class-wp-hook.php(286): wp_version_check()
#5 /home/dh_6me8bw/littlesproutsofauburn.com/wp-includes/class-wp-hook.php(310): WP_Hook->apply_filters(

2018-02-14T23:19:19+00:00 CRITICAL Uncaught Error: Call to undefined function request_filesystem_credentials() in /home/dh_6me8bw/littlesproutsofauburn.com/wp-admin/includes/class-wp-upgrader-skin.php:93
Stack trace:
#0 /home/dh_6me8bw/littlesproutsofauburn.com/wp-admin/includes/class-automatic-upgrader-skin.php(47): WP_Upgrader_Skin->request_filesystem_credentials(false, '/home/dh_6me8bw...', true)
#1 /home/dh_6me8bw/littlesproutsofauburn.com/wp-admin/includes/class-wp-automatic-updater.php(144): Automatic_Upgrader_Skin->request_filesystem_credentials(false, '/home/dh_6me8bw...', true)
#2 /home/dh_6me8bw/littlesproutsofauburn.com/wp-admin/includes/update.php(85): WP_Automatic_Updater->should_update('core', Object(stdClass), '/home/dh_6me8bw...')
#3 /home/dh_6me8bw/littlesproutsofauburn.com/wp-includes/update.php(215): find_core_auto_update()
#4 /home/dh_6me8bw/littlesproutsofauburn.com/wp-includes/class-wp-hook.php(286): wp_version_check()
#5 /home/dh_6me8bw/littlesproutsofauburn.com/wp-includes/class-wp-hook.php(310): WP_Hook->apply_filters(

2018-02-15T11:27:31+00:00 CRITICAL Uncaught Error: Call to undefined function request_filesystem_credentials() in /home/dh_6me8bw/littlesproutsofauburn.com/wp-admin/includes/class-wp-upgrader-skin.php:93
Stack trace:
#0 /home/dh_6me8bw/littlesproutsofauburn.com/wp-admin/includes/class-automatic-upgrader-skin.php(47): WP_Upgrader_Skin->request_filesystem_credentials(false, '/home/dh_6me8bw...', true)
#1 /home/dh_6me8bw/littlesproutsofauburn.com/wp-admin/includes/class-wp-automatic-updater.php(144): Automatic_Upgrader_Skin->request_filesystem_credentials(false, '/home/dh_6me8bw...', true)
#2 /home/dh_6me8bw/littlesproutsofauburn.com/wp-admin/includes/update.php(85): WP_Automatic_Updater->should_update('core', Object(stdClass), '/home/dh_6me8bw...')
#3 /home/dh_6me8bw/littlesproutsofauburn.com/wp-includes/update.php(215): find_core_auto_update()
#4 /home/dh_6me8bw/littlesproutsofauburn.com/wp-includes/class-wp-hook.php(286): wp_version_check()
#5 /home/dh_6me8bw/littlesproutsofauburn.com/wp-includes/class-wp-hook.php(310): WP_Hook->apply_filters(

2018-02-15T23:17:38+00:00 CRITICAL Uncaught Error: Call to undefined function request_filesystem_credentials() in /home/dh_6me8bw/littlesproutsofauburn.com/wp-admin/includes/class-wp-upgrader-skin.php:93
Stack trace:
#0 /home/dh_6me8bw/littlesproutsofauburn.com/wp-admin/includes/class-automatic-upgrader-skin.php(47): WP_Upgrader_Skin->request_filesystem_credentials(false, '/home/dh_6me8bw...', true)
#1 /home/dh_6me8bw/littlesproutsofauburn.com/wp-admin/includes/class-wp-automatic-updater.php(144): Automatic_Upgrader_Skin->request_filesystem_credentials(false, '/home/dh_6me8bw...', true)
#2 /home/dh_6me8bw/littlesproutsofauburn.com/wp-admin/includes/update.php(85): WP_Automatic_Updater->should_update('core', Object(stdClass), '/home/dh_6me8bw...')
#3 /home/dh_6me8bw/littlesproutsofauburn.com/wp-includes/update.php(215): find_core_auto_update()
#4 /home/dh_6me8bw/littlesproutsofauburn.com/wp-includes/class-wp-hook.php(286): wp_version_check()
#5 /home/dh_6me8bw/littlesproutsofauburn.com/wp-includes/class-wp-hook.php(310): WP_Hook->apply_filters(

2018-02-16T11:26:15+00:00 CRITICAL Uncaught Error: Call to undefined function request_filesystem_credentials() in /home/dh_6me8bw/littlesproutsofauburn.com/wp-admin/includes/class-wp-upgrader-skin.php:93
Stack trace:
#0 /home/dh_6me8bw/littlesproutsofauburn.com/wp-admin/includes/class-automatic-upgrader-skin.php(47): WP_Upgrader_Skin->request_filesystem_credentials(false, '/home/dh_6me8bw...', true)
#1 /home/dh_6me8bw/littlesproutsofauburn.com/wp-admin/includes/class-wp-automatic-updater.php(144): Automatic_Upgrader_Skin->request_filesystem_credentials(false, '/home/dh_6me8bw...', true)
#2 /home/dh_6me8bw/littlesproutsofauburn.com/wp-admin/includes/update.php(85): WP_Automatic_Updater->should_update('core', Object(stdClass), '/home/dh_6me8bw...')
#3 /home/dh_6me8bw/littlesproutsofauburn.com/wp-includes/update.php(215): find_core_auto_update()
#4 /home/dh_6me8bw/littlesproutsofauburn.com/wp-includes/class-wp-hook.php(286): wp_version_check()
#5 /home/dh_6me8bw/littlesproutsofauburn.com/wp-includes/class-wp-hook.php(310): WP_Hook->apply_filters(

2018-02-16T23:25:10+00:00 CRITICAL Uncaught Error: Call to undefined function request_filesystem_credentials() in /home/dh_6me8bw/littlesproutsofauburn.com/wp-admin/includes/class-wp-upgrader-skin.php:93
Stack trace:
#0 /home/dh_6me8bw/littlesproutsofauburn.com/wp-admin/includes/class-automatic-upgrader-skin.php(47): WP_Upgrader_Skin->request_filesystem_credentials(false, '/home/dh_6me8bw...', true)
#1 /home/dh_6me8bw/littlesproutsofauburn.com/wp-admin/includes/class-wp-automatic-updater.php(144): Automatic_Upgrader_Skin->request_filesystem_credentials(false, '/home/dh_6me8bw...', true)
#2 /home/dh_6me8bw/littlesproutsofauburn.com/wp-admin/includes/update.php(85): WP_Automatic_Updater->should_update('core', Object(stdClass), '/home/dh_6me8bw...')
#3 /home/dh_6me8bw/littlesproutsofauburn.com/wp-includes/update.php(215): find_core_auto_update()
#4 /home/dh_6me8bw/littlesproutsofauburn.com/wp-includes/class-wp-hook.php(286): wp_version_check()
#5 /home/dh_6me8bw/littlesproutsofauburn.com/wp-includes/class-wp-hook.php(310): WP_Hook->apply_filters(

2018-02-17T11:19:57+00:00 CRITICAL Uncaught Error: Call to undefined function request_filesystem_credentials() in /home/dh_6me8bw/littlesproutsofauburn.com/wp-admin/includes/class-wp-upgrader-skin.php:93
Stack trace:
#0 /home/dh_6me8bw/littlesproutsofauburn.com/wp-admin/includes/class-automatic-upgrader-skin.php(47): WP_Upgrader_Skin->request_filesystem_credentials(false, '/home/dh_6me8bw...', true)
#1 /home/dh_6me8bw/littlesproutsofauburn.com/wp-admin/includes/class-wp-automatic-updater.php(144): Automatic_Upgrader_Skin->request_filesystem_credentials(false, '/home/dh_6me8bw...', true)
#2 /home/dh_6me8bw/littlesproutsofauburn.com/wp-admin/includes/update.php(85): WP_Automatic_Updater->should_update('core', Object(stdClass), '/home/dh_6me8bw...')
#3 /home/dh_6me8bw/littlesproutsofauburn.com/wp-includes/update.php(215): find_core_auto_update()
#4 /home/dh_6me8bw/littlesproutsofauburn.com/wp-includes/class-wp-hook.php(286): wp_version_check()
#5 /home/dh_6me8bw/littlesproutsofauburn.com/wp-includes/class-wp-hook.php(310): WP_Hook->apply_filters(

2018-02-17T23:51:06+00:00 CRITICAL Uncaught Error: Call to undefined function request_filesystem_credentials() in /home/dh_6me8bw/littlesproutsofauburn.com/wp-admin/includes/class-wp-upgrader-skin.php:93
Stack trace:
#0 /home/dh_6me8bw/littlesproutsofauburn.com/wp-admin/includes/class-automatic-upgrader-skin.php(47): WP_Upgrader_Skin->request_filesystem_credentials(false, '/home/dh_6me8bw...', true)
#1 /home/dh_6me8bw/littlesproutsofauburn.com/wp-admin/includes/class-wp-automatic-updater.php(144): Automatic_Upgrader_Skin->request_filesystem_credentials(false, '/home/dh_6me8bw...', true)
#2 /home/dh_6me8bw/littlesproutsofauburn.com/wp-admin/includes/update.php(85): WP_Automatic_Updater->should_update('core', Object(stdClass), '/home/dh_6me8bw...')
#3 /home/dh_6me8bw/littlesproutsofauburn.com/wp-includes/update.php(215): find_core_auto_update()
#4 /home/dh_6me8bw/littlesproutsofauburn.com/wp-includes/class-wp-hook.php(286): wp_version_check()
#5 /home/dh_6me8bw/littlesproutsofauburn.com/wp-includes/class-wp-hook.php(310): WP_Hook->apply_filters(

2018-02-18T11:17:59+00:00 CRITICAL Uncaught Error: Call to undefined function request_filesystem_credentials() in /home/dh_6me8bw/littlesproutsofauburn.com/wp-admin/includes/class-wp-upgrader-skin.php:93
Stack trace:
#0 /home/dh_6me8bw/littlesproutsofauburn.com/wp-admin/includes/class-automatic-upgrader-skin.php(47): WP_Upgrader_Skin->request_filesystem_credentials(false, '/home/dh_6me8bw...', true)
#1 /home/dh_6me8bw/littlesproutsofauburn.com/wp-admin/includes/class-wp-automatic-updater.php(144): Automatic_Upgrader_Skin->request_filesystem_credentials(false, '/home/dh_6me8bw...', true)
#2 /home/dh_6me8bw/littlesproutsofauburn.com/wp-admin/includes/update.php(85): WP_Automatic_Updater->should_update('core', Object(stdClass), '/home/dh_6me8bw...')
#3 /home/dh_6me8bw/littlesproutsofauburn.com/wp-includes/update.php(215): find_core_auto_update()
#4 /home/dh_6me8bw/littlesproutsofauburn.com/wp-includes/class-wp-hook.php(286): wp_version_check()
#5 /home/dh_6me8bw/littlesproutsofauburn.com/wp-includes/class-wp-hook.php(310): WP_Hook->apply_filters(

2018-02-18T23:29:10+00:00 CRITICAL Uncaught Error: Call to undefined function request_filesystem_credentials() in /home/dh_6me8bw/littlesproutsofauburn.com/wp-admin/includes/class-wp-upgrader-skin.php:93
Stack trace:
#0 /home/dh_6me8bw/littlesproutsofauburn.com/wp-admin/includes/class-automatic-upgrader-skin.php(47): WP_Upgrader_Skin->request_filesystem_credentials(false, '/home/dh_6me8bw...', true)
#1 /home/dh_6me8bw/littlesproutsofauburn.com/wp-admin/includes/class-wp-automatic-updater.php(144): Automatic_Upgrader_Skin->request_filesystem_credentials(false, '/home/dh_6me8bw...', true)
#2 /home/dh_6me8bw/littlesproutsofauburn.com/wp-admin/includes/update.php(85): WP_Automatic_Updater->should_update('core', Object(stdClass), '/home/dh_6me8bw...')
#3 /home/dh_6me8bw/littlesproutsofauburn.com/wp-includes/update.php(215): find_core_auto_update()
#4 /home/dh_6me8bw/littlesproutsofauburn.com/wp-includes/class-wp-hook.php(286): wp_version_check()
#5 /home/dh_6me8bw/littlesproutsofauburn.com/wp-includes/class-wp-hook.php(310): WP_Hook->apply_filters(

2018-02-19T11:22:02+00:00 CRITICAL Uncaught Error: Call to undefined function request_filesystem_credentials() in /home/dh_6me8bw/littlesproutsofauburn.com/wp-admin/includes/class-wp-upgrader-skin.php:93
Stack trace:
#0 /home/dh_6me8bw/littlesproutsofauburn.com/wp-admin/includes/class-automatic-upgrader-skin.php(47): WP_Upgrader_Skin->request_filesystem_credentials(false, '/home/dh_6me8bw...', true)
#1 /home/dh_6me8bw/littlesproutsofauburn.com/wp-admin/includes/class-wp-automatic-updater.php(144): Automatic_Upgrader_Skin->request_filesystem_credentials(false, '/home/dh_6me8bw...', true)
#2 /home/dh_6me8bw/littlesproutsofauburn.com/wp-admin/includes/update.php(85): WP_Automatic_Updater->should_update('core', Object(stdClass), '/home/dh_6me8bw...')
#3 /home/dh_6me8bw/littlesproutsofauburn.com/wp-includes/update.php(215): find_core_auto_update()
#4 /home/dh_6me8bw/littlesproutsofauburn.com/wp-includes/class-wp-hook.php(286): wp_version_check()
#5 /home/dh_6me8bw/littlesproutsofauburn.com/wp-includes/class-wp-hook.php(310): WP_Hook->apply_filters(

2018-02-19T23:17:05+00:00 CRITICAL Uncaught Error: Call to undefined function request_filesystem_credentials() in /home/dh_6me8bw/littlesproutsofauburn.com/wp-admin/includes/class-wp-upgrader-skin.php:93
Stack trace:
#0 /home/dh_6me8bw/littlesproutsofauburn.com/wp-admin/includes/class-automatic-upgrader-skin.php(47): WP_Upgrader_Skin->request_filesystem_credentials(false, '/home/dh_6me8bw...', true)
#1 /home/dh_6me8bw/littlesproutsofauburn.com/wp-admin/includes/class-wp-automatic-updater.php(144): Automatic_Upgrader_Skin->request_filesystem_credentials(false, '/home/dh_6me8bw...', true)
#2 /home/dh_6me8bw/littlesproutsofauburn.com/wp-admin/includes/update.php(85): WP_Automatic_Updater->should_update('core', Object(stdClass), '/home/dh_6me8bw...')
#3 /home/dh_6me8bw/littlesproutsofauburn.com/wp-includes/update.php(215): find_core_auto_update()
#4 /home/dh_6me8bw/littlesproutsofauburn.com/wp-includes/class-wp-hook.php(286): wp_version_check()
#5 /home/dh_6me8bw/littlesproutsofauburn.com/wp-includes/class-wp-hook.php(310): WP_Hook->apply_filters(

2018-02-20T11:15:55+00:00 CRITICAL Uncaught Error: Call to undefined function request_filesystem_credentials() in /home/dh_6me8bw/littlesproutsofauburn.com/wp-admin/includes/class-wp-upgrader-skin.php:93
Stack trace:
#0 /home/dh_6me8bw/littlesproutsofauburn.com/wp-admin/includes/class-automatic-upgrader-skin.php(47): WP_Upgrader_Skin->request_filesystem_credentials(false, '/home/dh_6me8bw...', true)
#1 /home/dh_6me8bw/littlesproutsofauburn.com/wp-admin/includes/class-wp-automatic-updater.php(144): Automatic_Upgrader_Skin->request_filesystem_credentials(false, '/home/dh_6me8bw...', true)
#2 /home/dh_6me8bw/littlesproutsofauburn.com/wp-admin/includes/update.php(85): WP_Automatic_Updater->should_update('core', Object(stdClass), '/home/dh_6me8bw...')
#3 /home/dh_6me8bw/littlesproutsofauburn.com/wp-includes/update.php(215): find_core_auto_update()
#4 /home/dh_6me8bw/littlesproutsofauburn.com/wp-includes/class-wp-hook.php(286): wp_version_check()
#5 /home/dh_6me8bw/littlesproutsofauburn.com/wp-includes/class-wp-hook.php(310): WP_Hook->apply_filters(

2018-02-20T23:25:13+00:00 CRITICAL Uncaught Error: Call to undefined function request_filesystem_credentials() in /home/dh_6me8bw/littlesproutsofauburn.com/wp-admin/includes/class-wp-upgrader-skin.php:93
Stack trace:
#0 /home/dh_6me8bw/littlesproutsofauburn.com/wp-admin/includes/class-automatic-upgrader-skin.php(47): WP_Upgrader_Skin->request_filesystem_credentials(false, '/home/dh_6me8bw...', true)
#1 /home/dh_6me8bw/littlesproutsofauburn.com/wp-admin/includes/class-wp-automatic-updater.php(144): Automatic_Upgrader_Skin->request_filesystem_credentials(false, '/home/dh_6me8bw...', true)
#2 /home/dh_6me8bw/littlesproutsofauburn.com/wp-admin/includes/update.php(85): WP_Automatic_Updater->should_update('core', Object(stdClass), '/home/dh_6me8bw...')
#3 /home/dh_6me8bw/littlesproutsofauburn.com/wp-includes/update.php(215): find_core_auto_update()
#4 /home/dh_6me8bw/littlesproutsofauburn.com/wp-includes/class-wp-hook.php(286): wp_version_check()
#5 /home/dh_6me8bw/littlesproutsofauburn.com/wp-includes/class-wp-hook.php(310): WP_Hook->apply_filters(

2018-02-21T11:28:22+00:00 CRITICAL Uncaught Error: Call to undefined function request_filesystem_credentials() in /home/dh_6me8bw/littlesproutsofauburn.com/wp-admin/includes/class-wp-upgrader-skin.php:93
Stack trace:
#0 /home/dh_6me8bw/littlesproutsofauburn.com/wp-admin/includes/class-automatic-upgrader-skin.php(47): WP_Upgrader_Skin->request_filesystem_credentials(false, '/home/dh_6me8bw...', true)
#1 /home/dh_6me8bw/littlesproutsofauburn.com/wp-admin/includes/class-wp-automatic-updater.php(144): Automatic_Upgrader_Skin->request_filesystem_credentials(false, '/home/dh_6me8bw...', true)
#2 /home/dh_6me8bw/littlesproutsofauburn.com/wp-admin/includes/update.php(85): WP_Automatic_Updater->should_update('core', Object(stdClass), '/home/dh_6me8bw...')
#3 /home/dh_6me8bw/littlesproutsofauburn.com/wp-includes/update.php(215): find_core_auto_update()
#4 /home/dh_6me8bw/littlesproutsofauburn.com/wp-includes/class-wp-hook.php(286): wp_version_check()
#5 /home/dh_6me8bw/littlesproutsofauburn.com/wp-includes/class-wp-hook.php(310): WP_Hook->apply_filters(

2018-02-21T23:16:46+00:00 CRITICAL Uncaught Error: Call to undefined function request_filesystem_credentials() in /home/dh_6me8bw/littlesproutsofauburn.com/wp-admin/includes/class-wp-upgrader-skin.php:93
Stack trace:
#0 /home/dh_6me8bw/littlesproutsofauburn.com/wp-admin/includes/class-automatic-upgrader-skin.php(47): WP_Upgrader_Skin->request_filesystem_credentials(false, '/home/dh_6me8bw...', true)
#1 /home/dh_6me8bw/littlesproutsofauburn.com/wp-admin/includes/class-wp-automatic-updater.php(144): Automatic_Upgrader_Skin->request_filesystem_credentials(false, '/home/dh_6me8bw...', true)
#2 /home/dh_6me8bw/littlesproutsofauburn.com/wp-admin/includes/update.php(85): WP_Automatic_Updater->should_update('core', Object(stdClass), '/home/dh_6me8bw...')
#3 /home/dh_6me8bw/littlesproutsofauburn.com/wp-includes/update.php(215): find_core_auto_update()
#4 /home/dh_6me8bw/littlesproutsofauburn.com/wp-includes/class-wp-hook.php(286): wp_version_check()
#5 /home/dh_6me8bw/littlesproutsofauburn.com/wp-includes/class-wp-hook.php(310): WP_Hook->apply_filters(

2018-02-22T11:23:41+00:00 CRITICAL Uncaught Error: Call to undefined function request_filesystem_credentials() in /home/dh_6me8bw/littlesproutsofauburn.com/wp-admin/includes/class-wp-upgrader-skin.php:93
Stack trace:
#0 /home/dh_6me8bw/littlesproutsofauburn.com/wp-admin/includes/class-automatic-upgrader-skin.php(47): WP_Upgrader_Skin->request_filesystem_credentials(false, '/home/dh_6me8bw...', true)
#1 /home/dh_6me8bw/littlesproutsofauburn.com/wp-admin/includes/class-wp-automatic-updater.php(144): Automatic_Upgrader_Skin->request_filesystem_credentials(false, '/home/dh_6me8bw...', true)
#2 /home/dh_6me8bw/littlesproutsofauburn.com/wp-admin/includes/update.php(85): WP_Automatic_Updater->should_update('core', Object(stdClass), '/home/dh_6me8bw...')
#3 /home/dh_6me8bw/littlesproutsofauburn.com/wp-includes/update.php(215): find_core_auto_update()
#4 /home/dh_6me8bw/littlesproutsofauburn.com/wp-includes/class-wp-hook.php(286): wp_version_check()
#5 /home/dh_6me8bw/littlesproutsofauburn.com/wp-includes/class-wp-hook.php(310): WP_Hook->apply_filters(

2018-02-22T23:21:02+00:00 CRITICAL Uncaught Error: Call to undefined function request_filesystem_credentials() in /home/dh_6me8bw/littlesproutsofauburn.com/wp-admin/includes/class-wp-upgrader-skin.php:93
Stack trace:
#0 /home/dh_6me8bw/littlesproutsofauburn.com/wp-admin/includes/class-automatic-upgrader-skin.php(47): WP_Upgrader_Skin->request_filesystem_credentials(false, '/home/dh_6me8bw...', true)
#1 /home/dh_6me8bw/littlesproutsofauburn.com/wp-admin/includes/class-wp-automatic-updater.php(144): Automatic_Upgrader_Skin->request_filesystem_credentials(false, '/home/dh_6me8bw...', true)
#2 /home/dh_6me8bw/littlesproutsofauburn.com/wp-admin/includes/update.php(85): WP_Automatic_Updater->should_update('core', Object(stdClass), '/home/dh_6me8bw...')
#3 /home/dh_6me8bw/littlesproutsofauburn.com/wp-includes/update.php(215): find_core_auto_update()
#4 /home/dh_6me8bw/littlesproutsofauburn.com/wp-includes/class-wp-hook.php(286): wp_version_check()
#5 /home/dh_6me8bw/littlesproutsofauburn.com/wp-includes/class-wp-hook.php(310): WP_Hook->apply_filters(

2018-02-23T11:18:41+00:00 CRITICAL Uncaught Error: Call to undefined function request_filesystem_credentials() in /home/dh_6me8bw/littlesproutsofauburn.com/wp-admin/includes/class-wp-upgrader-skin.php:93
Stack trace:
#0 /home/dh_6me8bw/littlesproutsofauburn.com/wp-admin/includes/class-automatic-upgrader-skin.php(47): WP_Upgrader_Skin->request_filesystem_credentials(false, '/home/dh_6me8bw...', true)
#1 /home/dh_6me8bw/littlesproutsofauburn.com/wp-admin/includes/class-wp-automatic-updater.php(144): Automatic_Upgrader_Skin->request_filesystem_credentials(false, '/home/dh_6me8bw...', true)
#2 /home/dh_6me8bw/littlesproutsofauburn.com/wp-admin/includes/update.php(85): WP_Automatic_Updater->should_update('core', Object(stdClass), '/home/dh_6me8bw...')
#3 /home/dh_6me8bw/littlesproutsofauburn.com/wp-includes/update.php(215): find_core_auto_update()
#4 /home/dh_6me8bw/littlesproutsofauburn.com/wp-includes/class-wp-hook.php(286): wp_version_check()
#5 /home/dh_6me8bw/littlesproutsofauburn.com/wp-includes/class-wp-hook.php(310): WP_Hook->apply_filters(

2018-02-23T23:28:44+00:00 CRITICAL Uncaught Error: Call to undefined function request_filesystem_credentials() in /home/dh_6me8bw/littlesproutsofauburn.com/wp-admin/includes/class-wp-upgrader-skin.php:93
Stack trace:
#0 /home/dh_6me8bw/littlesproutsofauburn.com/wp-admin/includes/class-automatic-upgrader-skin.php(47): WP_Upgrader_Skin->request_filesystem_credentials(false, '/home/dh_6me8bw...', true)
#1 /home/dh_6me8bw/littlesproutsofauburn.com/wp-admin/includes/class-wp-automatic-updater.php(144): Automatic_Upgrader_Skin->request_filesystem_credentials(false, '/home/dh_6me8bw...', true)
#2 /home/dh_6me8bw/littlesproutsofauburn.com/wp-admin/includes/update.php(85): WP_Automatic_Updater->should_update('core', Object(stdClass), '/home/dh_6me8bw...')
#3 /home/dh_6me8bw/littlesproutsofauburn.com/wp-includes/update.php(215): find_core_auto_update()
#4 /home/dh_6me8bw/littlesproutsofauburn.com/wp-includes/class-wp-hook.php(286): wp_version_check()
#5 /home/dh_6me8bw/littlesproutsofauburn.com/wp-includes/class-wp-hook.php(310): WP_Hook->apply_filters(

2018-02-24T11:14:08+00:00 CRITICAL Uncaught Error: Call to undefined function request_filesystem_credentials() in /home/dh_6me8bw/littlesproutsofauburn.com/wp-admin/includes/class-wp-upgrader-skin.php:93
Stack trace:
#0 /home/dh_6me8bw/littlesproutsofauburn.com/wp-admin/includes/class-automatic-upgrader-skin.php(47): WP_Upgrader_Skin->request_filesystem_credentials(false, '/home/dh_6me8bw...', true)
#1 /home/dh_6me8bw/littlesproutsofauburn.com/wp-admin/includes/class-wp-automatic-updater.php(144): Automatic_Upgrader_Skin->request_filesystem_credentials(false, '/home/dh_6me8bw...', true)
#2 /home/dh_6me8bw/littlesproutsofauburn.com/wp-admin/includes/update.php(85): WP_Automatic_Updater->should_update('core', Object(stdClass), '/home/dh_6me8bw...')
#3 /home/dh_6me8bw/littlesproutsofauburn.com/wp-includes/update.php(215): find_core_auto_update()
#4 /home/dh_6me8bw/littlesproutsofauburn.com/wp-includes/class-wp-hook.php(286): wp_version_check()
#5 /home/dh_6me8bw/littlesproutsofauburn.com/wp-includes/class-wp-hook.php(310): WP_Hook->apply_filters(

